INFO:uvicorn.error:Started server process [93837]
INFO:uvicorn.error:Waiting for application startup.
INFO:uvicorn.error:Application startup complete.
INFO:uvicorn.error:Shutting down
INFO:uvicorn.error:Waiting for application shutdown.
INFO:uvicorn.error:Application shutdown complete.
INFO:uvicorn.error:Finished server process [93837]
INFO:uvicorn.error:Started server process [94030]
INFO:uvicorn.error:Waiting for application startup.
INFO:uvicorn.error:Application startup complete.
DEBUG:root:[36m[1m15/07/21 08:47 42 PM : DEBUG :debug message - Get() Called [0m
DEBUG:root:[36m[1m15/07/21 08:50 26 PM : DEBUG :get_all_nodes(None) called [0m
INFO:uvicorn.error:Shutting down
INFO:uvicorn.error:Waiting for application shutdown.
INFO:uvicorn.error:Application shutdown complete.
INFO:uvicorn.error:Finished server process [94030]
INFO:uvicorn.error:Started server process [94266]
INFO:uvicorn.error:Waiting for application startup.
INFO:uvicorn.error:Application startup complete.
INFO:uvicorn.error:Shutting down
INFO:uvicorn.error:Waiting for application shutdown.
INFO:uvicorn.error:Application shutdown complete.
INFO:uvicorn.error:Finished server process [94266]
INFO:uvicorn.error:Started server process [94298]
INFO:uvicorn.error:Waiting for application startup.
INFO:uvicorn.error:Application startup complete.
INFO:uvicorn.error:Shutting down
INFO:uvicorn.error:Waiting for application shutdown.
INFO:uvicorn.error:Application shutdown complete.
INFO:uvicorn.error:Finished server process [94298]
INFO:uvicorn.error:Started server process [94310]
INFO:uvicorn.error:Waiting for application startup.
INFO:uvicorn.error:Application startup complete.
INFO:uvicorn.error:Shutting down
INFO:uvicorn.error:Waiting for application shutdown.
INFO:uvicorn.error:Application shutdown complete.
INFO:uvicorn.error:Finished server process [94310]
INFO:uvicorn.error:Started server process [94399]
INFO:uvicorn.error:Waiting for application startup.
INFO:uvicorn.error:Application startup complete.
